2026-04-14 13:39:37,640 - [INFO] - ====== WebDriver manager ======
2026-04-14 13:39:39,338 - [INFO] - Get LATEST chromedriver version for google-chrome
2026-04-14 13:39:39,771 - [INFO] - Get LATEST chromedriver version for google-chrome
2026-04-14 13:39:40,365 - [INFO] - There is no [win64] chromedriver "147.0.7727.56" for browser google-chrome "147.0.7727" in cache
2026-04-14 13:39:40,365 - [INFO] - Get LATEST chromedriver version for google-chrome
2026-04-14 13:39:41,412 - [INFO] - WebDriver version 147.0.7727.56 selected
2026-04-14 13:39:41,417 - [INFO] - Modern chrome version https://storage.googleapis.com/chrome-for-testing-public/147.0.7727.56/win32/chromedriver-win32.zip
2026-04-14 13:39:41,417 - [INFO] - About to download new driver from https://storage.googleapis.com/chrome-for-testing-public/147.0.7727.56/win32/chromedriver-win32.zip
2026-04-14 13:39:41,778 - [INFO] - Driver downloading response is 200
2026-04-14 13:39:44,771 - [INFO] - Get LATEST chromedriver version for google-chrome
2026-04-14 13:39:45,191 - [INFO] - Driver has been saved in cache [C:\Users\SebraeAqui - ER\.wdm\drivers\chromedriver\win64\147.0.7727.56]
2026-04-14 13:39:48,755 - [INFO] - --- INÍCIO DE NOVA EXECUÇĂO ---
2026-04-14 13:39:48,935 - [INFO] - Operaçăo cancelada pelo usuário.
2026-04-14 13:41:28,577 - [INFO] - ====== WebDriver manager ======
2026-04-14 13:41:30,230 - [INFO] - Get LATEST chromedriver version for google-chrome
2026-04-14 13:41:30,696 - [INFO] - Get LATEST chromedriver version for google-chrome
2026-04-14 13:41:31,232 - [INFO] - Driver [C:\Users\SebraeAqui - ER\.wdm\drivers\chromedriver\win64\147.0.7727.56\chromedriver-win32/chromedriver.exe] found in cache
2026-04-14 13:41:34,340 - [INFO] - --- INÍCIO DE NOVA EXECUÇĂO ---
2026-04-14 13:41:34,366 - [INFO] - Operaçăo cancelada pelo usuário.
2026-04-14 13:51:50,635 - [INFO] - ====== WebDriver manager ======
2026-04-14 13:51:52,167 - [INFO] - Get LATEST chromedriver version for google-chrome
2026-04-14 13:51:52,490 - [INFO] - Get LATEST chromedriver version for google-chrome
2026-04-14 13:51:52,837 - [INFO] - Driver [C:\Users\SebraeAqui - ER\.wdm\drivers\chromedriver\win64\147.0.7727.56\chromedriver-win32/chromedriver.exe] found in cache
2026-04-14 13:51:54,910 - [INFO] - --- INÍCIO DE NOVA EXECUÇĂO ---
2026-04-14 13:51:54,939 - [INFO] - Operaçăo cancelada pelo usuário.
2026-04-14 13:53:25,642 - [INFO] - ====== WebDriver manager ======
2026-04-14 13:53:27,138 - [INFO] - Get LATEST chromedriver version for google-chrome
2026-04-14 13:53:27,740 - [INFO] - Get LATEST chromedriver version for google-chrome
2026-04-14 13:53:28,670 - [INFO] - Driver [C:\Users\SebraeAqui - ER\.wdm\drivers\chromedriver\win64\147.0.7727.56\chromedriver-win32/chromedriver.exe] found in cache
2026-04-14 13:53:32,196 - [INFO] - --- INÍCIO DE NOVA EXECUÇĂO ---
2026-04-14 13:53:32,196 - [INFO] - Operaçăo cancelada pelo usuário.
2026-04-15 10:06:41,779 - [INFO] - ====== WebDriver manager ======
2026-04-15 10:06:44,927 - [INFO] - Get LATEST chromedriver version for google-chrome
2026-04-15 10:06:45,232 - [INFO] - Get LATEST chromedriver version for google-chrome
2026-04-15 10:06:45,514 - [INFO] - Get LATEST chromedriver version for google-chrome
2026-04-15 10:06:46,177 - [INFO] - WebDriver version 147.0.7727.56 selected
2026-04-15 10:06:46,193 - [INFO] - Modern chrome version https://storage.googleapis.com/chrome-for-testing-public/147.0.7727.56/win32/chromedriver-win32.zip
2026-04-15 10:06:46,193 - [INFO] - About to download new driver from https://storage.googleapis.com/chrome-for-testing-public/147.0.7727.56/win32/chromedriver-win32.zip
2026-04-15 10:06:46,558 - [INFO] - Driver downloading response is 200
2026-04-15 10:06:46,951 - [INFO] - Get LATEST chromedriver version for google-chrome
2026-04-15 10:06:47,365 - [INFO] - Driver has been saved in cache [C:\Users\SebraeAqui - ER\.wdm\drivers\chromedriver\win64\147.0.7727.56]
2026-04-15 10:06:49,850 - [INFO] - --- INÍCIO DE NOVA EXECUÇĂO ---
2026-04-15 10:06:49,850 - [INFO] - Operaçăo cancelada pelo usuário.
2026-04-15 10:12:54,075 - [INFO] - ====== WebDriver manager ======
2026-04-15 10:12:56,673 - [INFO] - Get LATEST chromedriver version for google-chrome
2026-04-15 10:12:56,958 - [INFO] - Get LATEST chromedriver version for google-chrome
2026-04-15 10:12:57,237 - [INFO] - Driver [C:\Users\SebraeAqui - ER\.wdm\drivers\chromedriver\win64\147.0.7727.56\chromedriver-win32/chromedriver.exe] found in cache
2026-04-15 10:13:33,359 - [INFO] - --- INÍCIO DE NOVA EXECUÇĂO ---
2026-04-15 10:13:33,373 - [INFO] - Iniciando registro para o CNPJ: 31633442000107
2026-04-15 10:13:39,822 - [ERROR] - Erro ao processar o CNPJ 31633442000107. Motivo: Message: element click intercepted: Element is not clickable at point (1094, 678)
  (Session info: chrome=147.0.7727.56); For documentation on this error, please visit: https://www.selenium.dev/documentation/webdriver/troubleshooting/errors#elementclickinterceptedexception
Stacktrace:
	chromedriver!GetHandleVerifier [0x8ac733+10b73]
	chromedriver!GetHandleVerifier [0x8ac864+10ca4]
	chromedriver!(No symbol) [0x682100]
	chromedriver!(No symbol) [0x6d13a8]
	chromedriver!(No symbol) [0x6cf5b9]
	chromedriver!(No symbol) [0x6ccf72]
	chromedriver!(No symbol) [0x6cc184]
	chromedriver!(No symbol) [0x6c1db8]
	chromedriver!(No symbol) [0x6edc1c]
	chromedriver!(No symbol) [0x6c17f4]
	chromedriver!(No symbol) [0x6edde4]
	chromedriver!(No symbol) [0x70b1f4]
	chromedriver!(No symbol) [0x6ed9b6]
	chromedriver!(No symbol) [0x6c0339]
	chromedriver!(No symbol) [0x6c10f4]
	chromedriver!GetHandleVerifier [0xb0fe04+274244]
	chromedriver!GetHandleVerifier [0xb0b459+26f899]
	chromedriver!GetHandleVerifier [0xb29bd5+28e015]
	chromedriver!GetHandleVerifier [0x8c7188+2b5c8]
	chromedriver!GetHandleVerifier [0x8cf23d+3367d]
	chromedriver!GetHandleVerifier [0x8b5138+19578]
	chromedriver!GetHandleVerifier [0x8b5302+19742]
	chromedriver!GetHandleVerifier [0x89e48f+28cf]
	KERNEL32!BaseThreadInitThunk [0x76765d49+19]
	ntdll!RtlInitializeExceptionChain [0x77b2d83b+6b]
	ntdll!RtlGetAppContainerNamedObjectPath [0x77b2d7c1+231]

2026-04-15 10:15:40,503 - [INFO] - ====== WebDriver manager ======
2026-04-15 10:15:43,398 - [INFO] - Get LATEST chromedriver version for google-chrome
2026-04-15 10:15:43,713 - [INFO] - Get LATEST chromedriver version for google-chrome
2026-04-15 10:15:43,998 - [INFO] - Driver [C:\Users\SebraeAqui - ER\.wdm\drivers\chromedriver\win64\147.0.7727.56\chromedriver-win32/chromedriver.exe] found in cache
2026-04-15 10:16:02,981 - [INFO] - --- INÍCIO DE NOVA EXECUÇĂO ---
2026-04-15 10:16:02,998 - [INFO] - Iniciando registro para o CNPJ: 12998132000133
2026-04-15 10:16:33,786 - [ERROR] - Erro ao processar o CNPJ 12998132000133. Motivo: Message: 

2026-04-15 10:16:34,417 - [INFO] - Iniciando registro para o CNPJ: 23768242000125
2026-04-15 10:16:55,101 - [ERROR] - Erro ao processar o CNPJ 23768242000125. Motivo: Message: 

2026-04-15 10:16:55,720 - [INFO] - Iniciando registro para o CNPJ: 31071205000191
2026-04-15 10:17:16,461 - [ERROR] - Erro ao processar o CNPJ 31071205000191. Motivo: Message: 

2026-04-15 10:17:17,026 - [INFO] - Operaçăo cancelada pelo usuário.
2026-04-16 10:07:38,251 - [INFO] - ====== WebDriver manager ======
2026-04-16 10:07:39,921 - [INFO] - Get LATEST chromedriver version for google-chrome
2026-04-16 10:07:40,268 - [INFO] - Get LATEST chromedriver version for google-chrome
2026-04-16 10:07:40,587 - [INFO] - There is no [win64] chromedriver "147.0.7727.57" for browser google-chrome "147.0.7727" in cache
2026-04-16 10:07:40,587 - [INFO] - Get LATEST chromedriver version for google-chrome
2026-04-16 10:07:41,353 - [INFO] - WebDriver version 147.0.7727.57 selected
2026-04-16 10:07:41,359 - [INFO] - Modern chrome version https://storage.googleapis.com/chrome-for-testing-public/147.0.7727.57/win32/chromedriver-win32.zip
2026-04-16 10:07:41,359 - [INFO] - About to download new driver from https://storage.googleapis.com/chrome-for-testing-public/147.0.7727.57/win32/chromedriver-win32.zip
2026-04-16 10:07:41,708 - [INFO] - Driver downloading response is 200
2026-04-16 10:07:42,236 - [INFO] - Get LATEST chromedriver version for google-chrome
2026-04-16 10:07:42,685 - [INFO] - Driver has been saved in cache [C:\Users\SebraeAqui - ER\.wdm\drivers\chromedriver\win64\147.0.7727.57]
2026-04-16 10:08:10,948 - [INFO] - --- INÍCIO DE NOVA EXECUÇĂO ---
2026-04-16 10:08:10,959 - [INFO] - Iniciando registro para o CNPJ: 31633442000107
2026-04-16 10:09:32,404 - [ERROR] - Erro ao processar o CNPJ 31633442000107. Motivo: Message: 
Stacktrace:
	chromedriver!GetHandleVerifier [0x86c733+10b73]
	chromedriver!GetHandleVerifier [0x86c864+10ca4]
	chromedriver!(No symbol) [0x642100]
	chromedriver!(No symbol) [0x68acba]
	chromedriver!(No symbol) [0x68af5b]
	chromedriver!(No symbol) [0x6cd9c2]
	chromedriver!(No symbol) [0x6adc64]
	chromedriver!(No symbol) [0x6cb1f4]
	chromedriver!(No symbol) [0x6ad9b6]
	chromedriver!(No symbol) [0x680339]
	chromedriver!(No symbol) [0x6810f4]
	chromedriver!GetHandleVerifier [0xacfe04+274244]
	chromedriver!GetHandleVerifier [0xacb459+26f899]
	chromedriver!GetHandleVerifier [0xae9bd5+28e015]
	chromedriver!GetHandleVerifier [0x887188+2b5c8]
	chromedriver!GetHandleVerifier [0x88f23d+3367d]
	chromedriver!GetHandleVerifier [0x875138+19578]
	chromedriver!GetHandleVerifier [0x875302+19742]
	chromedriver!GetHandleVerifier [0x85e48f+28cf]
	KERNEL32!BaseThreadInitThunk [0x76765d49+19]
	ntdll!RtlInitializeExceptionChain [0x77b2d83b+6b]
	ntdll!RtlGetAppContainerNamedObjectPath [0x77b2d7c1+231]

2026-04-16 10:09:32,416 - [ERROR] - Traceback (most recent call last):
  File "c:\Users\SebraeAqui - ER\OneDrive - SERVICO DE APOIO AS MICRO E PEQUENAS EMPRESAS DE SAO PAULO - SEBRAE\Área de Trabalho\rae_turbo\core\automacao_web.py", line 197, in registrar_no_rae
    btn_finalizar = wait.until(EC.presence_of_element_located((By.XPATH, "//button[contains(translate(text(), 'finalizar', 'FINALIZAR'), 'FINALIZAR')]")))
                    ^^^^^^^^^^^^^^^^^^^^^^^^^^^^^^^^^^^^^^^^^^^^^^^^^^^^^^^^^^^^^^^^^^^^^^^^^^^^^^^^^^^^^^^^^^^^^^^^^^^^^^^^^^^^^^^^^^^^^^^^^^^^^^^^^^^^^^
  File "C:\Users\SebraeAqui - ER\AppData\Local\Programs\Python\Python312\Lib\site-packages\selenium\webdriver\support\wait.py", line 121, in until
    raise TimeoutException(message, screen, stacktrace)
selenium.common.exceptions.TimeoutException: Message: 
Stacktrace:
	chromedriver!GetHandleVerifier [0x86c733+10b73]
	chromedriver!GetHandleVerifier [0x86c864+10ca4]
	chromedriver!(No symbol) [0x642100]
	chromedriver!(No symbol) [0x68acba]
	chromedriver!(No symbol) [0x68af5b]
	chromedriver!(No symbol) [0x6cd9c2]
	chromedriver!(No symbol) [0x6adc64]
	chromedriver!(No symbol) [0x6cb1f4]
	chromedriver!(No symbol) [0x6ad9b6]
	chromedriver!(No symbol) [0x680339]
	chromedriver!(No symbol) [0x6810f4]
	chromedriver!GetHandleVerifier [0xacfe04+274244]
	chromedriver!GetHandleVerifier [0xacb459+26f899]
	chromedriver!GetHandleVerifier [0xae9bd5+28e015]
	chromedriver!GetHandleVerifier [0x887188+2b5c8]
	chromedriver!GetHandleVerifier [0x88f23d+3367d]
	chromedriver!GetHandleVerifier [0x875138+19578]
	chromedriver!GetHandleVerifier [0x875302+19742]
	chromedriver!GetHandleVerifier [0x85e48f+28cf]
	KERNEL32!BaseThreadInitThunk [0x76765d49+19]
	ntdll!RtlInitializeExceptionChain [0x77b2d83b+6b]
	ntdll!RtlGetAppContainerNamedObjectPath [0x77b2d7c1+231]


2026-04-16 10:09:36,151 - [INFO] - Iniciando registro para o CNPJ: 41067195000174
2026-04-16 10:10:02,718 - [ERROR] - Erro ao processar o CNPJ 41067195000174. Motivo: Message: 
Stacktrace:
	chromedriver!GetHandleVerifier [0x86c733+10b73]
	chromedriver!GetHandleVerifier [0x86c864+10ca4]
	chromedriver!(No symbol) [0x642100]
	chromedriver!(No symbol) [0x68acba]
	chromedriver!(No symbol) [0x68af5b]
	chromedriver!(No symbol) [0x6cd9c2]
	chromedriver!(No symbol) [0x6adc64]
	chromedriver!(No symbol) [0x6cb1f4]
	chromedriver!(No symbol) [0x6ad9b6]
	chromedriver!(No symbol) [0x680339]
	chromedriver!(No symbol) [0x6810f4]
	chromedriver!GetHandleVerifier [0xacfe04+274244]
	chromedriver!GetHandleVerifier [0xacb459+26f899]
	chromedriver!GetHandleVerifier [0xae9bd5+28e015]
	chromedriver!GetHandleVerifier [0x887188+2b5c8]
	chromedriver!GetHandleVerifier [0x88f23d+3367d]
	chromedriver!GetHandleVerifier [0x875138+19578]
	chromedriver!GetHandleVerifier [0x875302+19742]
	chromedriver!GetHandleVerifier [0x85e48f+28cf]
	KERNEL32!BaseThreadInitThunk [0x76765d49+19]
	ntdll!RtlInitializeExceptionChain [0x77b2d83b+6b]
	ntdll!RtlGetAppContainerNamedObjectPath [0x77b2d7c1+231]

2026-04-16 10:10:02,718 - [ERROR] - Traceback (most recent call last):
  File "c:\Users\SebraeAqui - ER\OneDrive - SERVICO DE APOIO AS MICRO E PEQUENAS EMPRESAS DE SAO PAULO - SEBRAE\Área de Trabalho\rae_turbo\core\automacao_web.py", line 57, in registrar_no_rae
    btn_sim = wait.until(EC.presence_of_element_located((By.ID, "salvarDados")))
              ^^^^^^^^^^^^^^^^^^^^^^^^^^^^^^^^^^^^^^^^^^^^^^^^^^^^^^^^^^^^^^^^^^
  File "C:\Users\SebraeAqui - ER\AppData\Local\Programs\Python\Python312\Lib\site-packages\selenium\webdriver\support\wait.py", line 121, in until
    raise TimeoutException(message, screen, stacktrace)
selenium.common.exceptions.TimeoutException: Message: 
Stacktrace:
	chromedriver!GetHandleVerifier [0x86c733+10b73]
	chromedriver!GetHandleVerifier [0x86c864+10ca4]
	chromedriver!(No symbol) [0x642100]
	chromedriver!(No symbol) [0x68acba]
	chromedriver!(No symbol) [0x68af5b]
	chromedriver!(No symbol) [0x6cd9c2]
	chromedriver!(No symbol) [0x6adc64]
	chromedriver!(No symbol) [0x6cb1f4]
	chromedriver!(No symbol) [0x6ad9b6]
	chromedriver!(No symbol) [0x680339]
	chromedriver!(No symbol) [0x6810f4]
	chromedriver!GetHandleVerifier [0xacfe04+274244]
	chromedriver!GetHandleVerifier [0xacb459+26f899]
	chromedriver!GetHandleVerifier [0xae9bd5+28e015]
	chromedriver!GetHandleVerifier [0x887188+2b5c8]
	chromedriver!GetHandleVerifier [0x88f23d+3367d]
	chromedriver!GetHandleVerifier [0x875138+19578]
	chromedriver!GetHandleVerifier [0x875302+19742]
	chromedriver!GetHandleVerifier [0x85e48f+28cf]
	KERNEL32!BaseThreadInitThunk [0x76765d49+19]
	ntdll!RtlInitializeExceptionChain [0x77b2d83b+6b]
	ntdll!RtlGetAppContainerNamedObjectPath [0x77b2d7c1+231]


2026-04-16 11:38:04,898 - [INFO] - ====== WebDriver manager ======
2026-04-16 11:38:06,776 - [INFO] - Get LATEST chromedriver version for google-chrome
2026-04-16 11:38:07,125 - [INFO] - Get LATEST chromedriver version for google-chrome
2026-04-16 11:38:07,434 - [INFO] - Driver [C:\Users\SebraeAqui - ER\.wdm\drivers\chromedriver\win64\147.0.7727.57\chromedriver-win32/chromedriver.exe] found in cache
2026-04-16 11:38:39,824 - [INFO] - --- INÍCIO DE NOVA EXECUÇĂO ---
2026-04-16 11:38:39,832 - [INFO] - Iniciando registro para o CNPJ: 12998132000133
2026-04-16 11:40:18,857 - [ERROR] - Erro ao processar o CNPJ 12998132000133. Motivo: Message: 
Stacktrace:
	chromedriver!GetHandleVerifier [0xc2c733+10b73]
	chromedriver!GetHandleVerifier [0xc2c864+10ca4]
	chromedriver!(No symbol) [0xa02100]
	chromedriver!(No symbol) [0xa4acba]
	chromedriver!(No symbol) [0xa4af5b]
	chromedriver!(No symbol) [0xa8d9c2]
	chromedriver!(No symbol) [0xa6dc64]
	chromedriver!(No symbol) [0xa8b1f4]
	chromedriver!(No symbol) [0xa6d9b6]
	chromedriver!(No symbol) [0xa40339]
	chromedriver!(No symbol) [0xa410f4]
	chromedriver!GetHandleVerifier [0xe8fe04+274244]
	chromedriver!GetHandleVerifier [0xe8b459+26f899]
	chromedriver!GetHandleVerifier [0xea9bd5+28e015]
	chromedriver!GetHandleVerifier [0xc47188+2b5c8]
	chromedriver!GetHandleVerifier [0xc4f23d+3367d]
	chromedriver!GetHandleVerifier [0xc35138+19578]
	chromedriver!GetHandleVerifier [0xc35302+19742]
	chromedriver!GetHandleVerifier [0xc1e48f+28cf]
	KERNEL32!BaseThreadInitThunk [0x76765d49+19]
	ntdll!RtlInitializeExceptionChain [0x77b2d83b+6b]
	ntdll!RtlGetAppContainerNamedObjectPath [0x77b2d7c1+231]

2026-04-16 11:40:18,857 - [ERROR] - Traceback (most recent call last):
  File "c:\Users\SebraeAqui - ER\OneDrive - SERVICO DE APOIO AS MICRO E PEQUENAS EMPRESAS DE SAO PAULO - SEBRAE\Área de Trabalho\rae_turbo\core\automacao_web.py", line 203, in registrar_no_rae
    btn_finalizar = wait.until(EC.presence_of_element_located((By.XPATH, "//button[contains(translate(text(), 'finalizar', 'FINALIZAR'), 'FINALIZAR')]")))
                    ^^^^^^^^^^^^^^^^^^^^^^^^^^^^^^^^^^^^^^^^^^^^^^^^^^^^^^^^^^^^^^^^^^^^^^^^^^^^^^^^^^^^^^^^^^^^^^^^^^^^^^^^^^^^^^^^^^^^^^^^^^^^^^^^^^^^^^
  File "C:\Users\SebraeAqui - ER\AppData\Local\Programs\Python\Python312\Lib\site-packages\selenium\webdriver\support\wait.py", line 121, in until
    raise TimeoutException(message, screen, stacktrace)
selenium.common.exceptions.TimeoutException: Message: 
Stacktrace:
	chromedriver!GetHandleVerifier [0xc2c733+10b73]
	chromedriver!GetHandleVerifier [0xc2c864+10ca4]
	chromedriver!(No symbol) [0xa02100]
	chromedriver!(No symbol) [0xa4acba]
	chromedriver!(No symbol) [0xa4af5b]
	chromedriver!(No symbol) [0xa8d9c2]
	chromedriver!(No symbol) [0xa6dc64]
	chromedriver!(No symbol) [0xa8b1f4]
	chromedriver!(No symbol) [0xa6d9b6]
	chromedriver!(No symbol) [0xa40339]
	chromedriver!(No symbol) [0xa410f4]
	chromedriver!GetHandleVerifier [0xe8fe04+274244]
	chromedriver!GetHandleVerifier [0xe8b459+26f899]
	chromedriver!GetHandleVerifier [0xea9bd5+28e015]
	chromedriver!GetHandleVerifier [0xc47188+2b5c8]
	chromedriver!GetHandleVerifier [0xc4f23d+3367d]
	chromedriver!GetHandleVerifier [0xc35138+19578]
	chromedriver!GetHandleVerifier [0xc35302+19742]
	chromedriver!GetHandleVerifier [0xc1e48f+28cf]
	KERNEL32!BaseThreadInitThunk [0x76765d49+19]
	ntdll!RtlInitializeExceptionChain [0x77b2d83b+6b]
	ntdll!RtlGetAppContainerNamedObjectPath [0x77b2d7c1+231]


2026-04-16 11:40:22,466 - [INFO] - Operaçăo cancelada pelo usuário.
